# JRE version: OpenJDK Runtime Environment (11.0.13) (build 11.0.13+0-b1751.21-8125866)
# Java VM: OpenJDK 64-Bit Server VM (11.0.13+0-b1751.21-8125866, mixed mode, tiered, compressed oops, g1 gc, windows-amd64)
Heap:
 garbage-first heap   total 617472K, used 305152K [0x0000000080000000, 0x0000000100000000)
  region size 1024K, 4 young (4096K), 4 survivors (4096K)
 Metaspace       used 140352K, capacity 143698K, committed 143900K, reserved 1175552K
  class space    used 17211K, capacity 18469K, committed 18508K, reserved 1048576K
GC Heap History (20 events):
Event: 238.357 GC heap after
{Heap after GC invocations=103 (full 0):
 garbage-first heap   total 518144K, used 209821K [0x0000000080000000, 0x0000000100000000)
  region size 1024K, 4 young (4096K), 4 survivors (4096K)
 Metaspace       used 132386K, capacity 135586K, committed 135708K, reserved 1167360K
  class space    used 16401K, capacity 17618K, committed 17740K, reserved 1048576K
}
Event: 239.935 GC heap before
{Heap before GC invocations=103 (full 0):
 garbage-first heap   total 518144K, used 232349K [0x0000000080000000, 0x0000000100000000)
  region size 1024K, 25 young (25600K), 4 survivors (4096K)
 Metaspace       used 134876K, capacity 138141K, committed 138396K, reserved 1169408K
  class space    used 16559K, capacity 17783K, committed 17868K, reserved 1048576K
}
Event: 240.052 GC heap after
{Heap after GC invocations=104 (full 0):
 garbage-first heap   total 518144K, used 209198K [0x0000000080000000, 0x0000000100000000)
  region size 1024K, 3 young (3072K), 3 survivors (3072K)
 Metaspace       used 134876K, capacity 138141K, committed 138396K, reserved 1169408K
  class space    used 16559K, capacity 17783K, committed 17868K, reserved 1048576K
}
Event: 241.869 GC heap before
{Heap before GC invocations=104 (full 0):
 garbage-first heap   total 518144K, used 231726K [0x0000000080000000, 0x0000000100000000)
  region size 1024K, 25 young (25600K), 3 survivors (3072K)
 Metaspace       used 136811K, capacity 140038K, committed 140188K, reserved 1171456K
  class space    used 16774K, capacity 18009K, committed 18124K, reserved 1048576K
}
Event: 241.922 GC heap after
{Heap after GC invocations=105 (full 0):
 garbage-first heap   total 518144K, used 221184K [0x0000000080000000, 0x0000000100000000)
  region size 1024K, 4 young (4096K), 4 survivors (4096K)
 Metaspace       used 136811K, capacity 140038K, committed 140188K, reserved 1171456K
  class space    used 16774K, capacity 18009K, committed 18124K, reserved 1048576K
}
Event: 242.356 GC heap before
{Heap before GC invocations=105 (full 0):
 garbage-first heap   total 518144K, used 242688K [0x0000000080000000, 0x0000000100000000)
  region size 1024K, 25 young (25600K), 4 survivors (4096K)
 Metaspace       used 136815K, capacity 140038K, committed 140188K, reserved 1171456K
  class space    used 16774K, capacity 18009K, committed 18124K, reserved 1048576K
}
Event: 242.500 GC heap after
{Heap after GC invocations=106 (full 0):
 garbage-first heap   total 518144K, used 239587K [0x0000000080000000, 0x0000000100000000)
  region size 1024K, 4 young (4096K), 4 survivors (4096K)
 Metaspace       used 136815K, capacity 140038K, committed 140188K, reserved 1171456K
  class space    used 16774K, capacity 18009K, committed 18124K, reserved 1048576K
}
Event: 247.045 GC heap before
{Heap before GC invocations=106 (full 0):
 garbage-first heap   total 518144K, used 226275K [0x0000000080000000, 0x0000000100000000)
  region size 1024K, 35 young (35840K), 4 survivors (4096K)
 Metaspace       used 137312K, capacity 140535K, committed 140700K, reserved 1171456K
  class space    used 16830K, capacity 18066K, committed 18124K, reserved 1048576K
}
Event: 247.310 GC heap after
{Heap after GC invocations=107 (full 0):
 garbage-first heap   total 518144K, used 212992K [0x0000000080000000, 0x0000000100000000)
  region size 1024K, 5 young (5120K), 5 survivors (5120K)
 Metaspace       used 137312K, capacity 140535K, committed 140700K, reserved 1171456K
  class space    used 16830K, capacity 18066K, committed 18124K, reserved 1048576K
}
Event: 251.901 GC heap before
{Heap before GC invocations=108 (full 0):
 garbage-first heap   total 518144K, used 238592K [0x0000000080000000, 0x0000000100000000)
  region size 1024K, 28 young (28672K), 5 survivors (5120K)
 Metaspace       used 140132K, capacity 143431K, committed 143644K, reserved 1175552K
  class space    used 17211K, capacity 18469K, committed 18508K, reserved 1048576K
}
Event: 251.946 GC heap after
{Heap after GC invocations=109 (full 0):
 garbage-first heap   total 518144K, used 218679K [0x0000000080000000, 0x0000000100000000)
  region size 1024K, 3 young (3072K), 3 survivors (3072K)
 Metaspace       used 140132K, capacity 143431K, committed 143644K, reserved 1175552K
  class space    used 17211K, capacity 18469K, committed 18508K, reserved 1048576K
}
Event: 252.651 GC heap before
{Heap before GC invocations=109 (full 0):
 garbage-first heap   total 518144K, used 241207K [0x0000000080000000, 0x0000000100000000)
  region size 1024K, 25 young (25600K), 3 survivors (3072K)
 Metaspace       used 140240K, capacity 143497K, committed 143644K, reserved 1175552K
  class space    used 17211K, capacity 18469K, committed 18508K, reserved 1048576K
}
Event: 252.776 GC heap after
{Heap after GC invocations=110 (full 0):
 garbage-first heap   total 518144K, used 223232K [0x0000000080000000, 0x0000000100000000)
  region size 1024K, 4 young (4096K), 4 survivors (4096K)
 Metaspace       used 140240K, capacity 143497K, committed 143644K, reserved 1175552K
  class space    used 17211K, capacity 18469K, committed 18508K, reserved 1048576K
}
Event: 252.930 GC heap before
{Heap before GC invocations=110 (full 0):
 garbage-first heap   total 518144K, used 245760K [0x0000000080000000, 0x0000000100000000)
  region size 1024K, 27 young (27648K), 4 survivors (4096K)
 Metaspace       used 140240K, capacity 143497K, committed 143644K, reserved 1175552K
  class space    used 17211K, capacity 18469K, committed 18508K, reserved 1048576K
}
Event: 253.034 GC heap after
{Heap after GC invocations=111 (full 0):
 garbage-first heap   total 518144K, used 242176K [0x0000000080000000, 0x0000000100000000)
  region size 1024K, 4 young (4096K), 4 survivors (4096K)
 Metaspace       used 140240K, capacity 143497K, committed 143644K, reserved 1175552K
  class space    used 17211K, capacity 18469K, committed 18508K, reserved 1048576K
}
Event: 253.212 GC heap before
{Heap before GC invocations=111 (full 0):
 garbage-first heap   total 518144K, used 266752K [0x0000000080000000, 0x0000000100000000)
  region size 1024K, 28 young (28672K), 4 survivors (4096K)
 Metaspace       used 140266K, capacity 143561K, committed 143644K, reserved 1175552K
  class space    used 17211K, capacity 18469K, committed 18508K, reserved 1048576K
}
Event: 253.292 GC heap after
{Heap after GC invocations=112 (full 0):
 garbage-first heap   total 518144K, used 256000K [0x0000000080000000, 0x0000000100000000)
  region size 1024K, 4 young (4096K), 4 survivors (4096K)
 Metaspace       used 140266K, capacity 143561K, committed 143644K, reserved 1175552K
  class space    used 17211K, capacity 18469K, committed 18508K, reserved 1048576K
}
Event: 253.876 GC heap before
{Heap before GC invocations=112 (full 0):
 garbage-first heap   total 518144K, used 284672K [0x0000000080000000, 0x0000000100000000)
  region size 1024K, 32 young (32768K), 4 survivors (4096K)
 Metaspace       used 140347K, capacity 143698K, committed 143900K, reserved 1175552K
  class space    used 17211K, capacity 18469K, committed 18508K, reserved 1048576K
}
Event: 254.088 GC heap after
{Heap after GC invocations=113 (full 0):
 garbage-first heap   total 518144K, used 282624K [0x0000000080000000, 0x0000000100000000)
  region size 1024K, 4 young (4096K), 4 survivors (4096K)
 Metaspace       used 140347K, capacity 143698K, committed 143900K, reserved 1175552K
  class space    used 17211K, capacity 18469K, committed 18508K, reserved 1048576K
}
Event: 254.366 GC heap before
{Heap before GC invocations=113 (full 0):
 garbage-first heap   total 518144K, used 309248K [0x0000000080000000, 0x0000000100000000)
  region size 1024K, 30 young (30720K), 4 survivors (4096K)
 Metaspace       used 140352K, capacity 143698K, committed 143900K, reserved 1175552K
  class space    used 17211K, capacity 18469K, committed 18508K, reserved 1048576K
}

